<?xml version="1.0" encoding="utf-8" standalone="no"?>
<test-run id="2" testcasecount="32" result="Passed" total="32" passed="32" failed="0" inconclusive="0" skipped="0" asserts="0" engine-version="3.10.0.0" clr-version="4.0.30319.42000" start-time="2019-05-26 05:57:24Z" end-time="2019-05-26 05:57:28Z" duration="3.655001">
  <command-line><![CDATA["C:\Users\Matt\.nuget\packages\nunit.consolerunner\3.10.0\tools\nunit3-console.exe" F:\Dev\matteland.shared\MattEland.Shared.Tests.Framework\bin\Release\MattEland.Shared.Tests.Framework.dll --result=F:\Dev\matteland.shared\NUnitResults.xml]]></command-line>
  <test-suite type="Assembly" id="0-1040" name="MattEland.Shared.Tests.Framework.dll" fullname="F:\Dev\matteland.shared\MattEland.Shared.Tests.Framework\bin\Release\MattEland.Shared.Tests.Framework.dll" runstate="Runnable" testcasecount="32" result="Passed" start-time="2019-05-26 05:57:27Z" end-time="2019-05-26 05:57:28Z" duration="0.530893" total="32" passed="32" failed="0" warnings="0" inconclusive="0" skipped="0" asserts="0">
    <environment framework-version="3.12.0.0" clr-version="4.0.30319.42000" os-version="Microsoft Windows NT 10.0.17763.0" platform="Win32NT" cwd="F:\Dev\matteland.shared" machine-name="ALFRED" user="Matt" user-domain="ALFRED" culture="en-US" uiculture="en-US" os-architecture="x64" />
    <settings>
      <setting name="DisposeRunners" value="True" />
      <setting name="WorkDirectory" value="F:\Dev\matteland.shared" />
      <setting name="ImageRuntimeVersion" value="4.0.30319" />
      <setting name="ImageTargetFrameworkName" value=".NETFramework,Version=v4.7.1" />
      <setting name="ImageRequiresX86" value="False" />
      <setting name="ImageRequiresDefaultAppDomainAssemblyResolver" value="False" />
      <setting name="NumberOfTestWorkers" value="8" />
    </settings>
    <properties>
      <property name="_PID" value="23044" />
      <property name="_APPDOMAIN" value="domain-" />
    </properties>
    <test-suite type="TestSuite" id="0-1041" name="MattEland" fullname="MattEland" runstate="Runnable" testcasecount="32" result="Passed" start-time="2019-05-26 05:57:27Z" end-time="2019-05-26 05:57:28Z" duration="0.501579" total="32" passed="32" failed="0" warnings="0" inconclusive="0" skipped="0" asserts="0">
      <test-suite type="TestSuite" id="0-1042" name="Shared" fullname="MattEland.Shared" runstate="Runnable" testcasecount="32" result="Passed" start-time="2019-05-26 05:57:27Z" end-time="2019-05-26 05:57:28Z" duration="0.500234" total="32" passed="32" failed="0" warnings="0" inconclusive="0" skipped="0" asserts="0">
        <test-suite type="TestSuite" id="0-1043" name="Tests" fullname="MattEland.Shared.Tests" runstate="Runnable" testcasecount="32" result="Passed" start-time="2019-05-26 05:57:27Z" end-time="2019-05-26 05:57:28Z" duration="0.499602" total="32" passed="32" failed="0" warnings="0" inconclusive="0" skipped="0" asserts="0">
          <test-suite type="TestFixture" id="0-1000" name="DictionaryTests" fullname="MattEland.Shared.Tests.DictionaryTests" classname="MattEland.Shared.Tests.DictionaryTests" runstate="Runnable" testcasecount="4" result="Passed" start-time="2019-05-26 05:57:27Z" end-time="2019-05-26 05:57:28Z" duration="0.366921" total="4" passed="4" failed="0" warnings="0" inconclusive="0" skipped="0" asserts="0">
            <test-case id="0-1001" name="TryLoadShouldErrorIfNoOperation" fullname="MattEland.Shared.Tests.DictionaryTests.TryLoadShouldErrorIfNoOperation" methodname="TryLoadShouldErrorIfNoOperation" classname="MattEland.Shared.Tests.DictionaryTests" runstate="Runnable" seed="689044877" result="Passed" start-time="2019-05-26 05:57:27Z" end-time="2019-05-26 05:57:27Z" duration="0.283003" asserts="0" />
            <test-case id="0-1004" name="TryLoadShouldInvokeWithTheCorrectValue" fullname="MattEland.Shared.Tests.DictionaryTests.TryLoadShouldInvokeWithTheCorrectValue" methodname="TryLoadShouldInvokeWithTheCorrectValue" classname="MattEland.Shared.Tests.DictionaryTests" runstate="Runnable" seed="1077279623" result="Passed" start-time="2019-05-26 05:57:27Z" end-time="2019-05-26 05:57:28Z" duration="0.054571" asserts="0" />
            <test-case id="0-1003" name="TryLoadShouldNotErrorWithEmptyDictionary" fullname="MattEland.Shared.Tests.DictionaryTests.TryLoadShouldNotErrorWithEmptyDictionary" methodname="TryLoadShouldNotErrorWithEmptyDictionary" classname="MattEland.Shared.Tests.DictionaryTests" runstate="Runnable" seed="736981684" result="Passed" start-time="2019-05-26 05:57:28Z" end-time="2019-05-26 05:57:28Z" duration="0.002254" asserts="0" />
            <test-case id="0-1002" name="TryLoadShouldNotErrorWithNullDictionary" fullname="MattEland.Shared.Tests.DictionaryTests.TryLoadShouldNotErrorWithNullDictionary" methodname="TryLoadShouldNotErrorWithNullDictionary" classname="MattEland.Shared.Tests.DictionaryTests" runstate="Runnable" seed="123115905" result="Passed" start-time="2019-05-26 05:57:28Z" end-time="2019-05-26 05:57:28Z" duration="0.000813" asserts="0" />
          </test-suite>
          <test-suite type="TestFixture" id="0-1005" name="EachTests" fullname="MattEland.Shared.Tests.EachTests" classname="MattEland.Shared.Tests.EachTests" runstate="Runnable" testcasecount="16" result="Passed" start-time="2019-05-26 05:57:28Z" end-time="2019-05-26 05:57:28Z" duration="0.061842" total="16" passed="16" failed="0" warnings="0" inconclusive="0" skipped="0" asserts="0">
            <test-case id="0-1021" name="EachDictionaryIncludeEachKey" fullname="MattEland.Shared.Tests.EachTests.EachDictionaryIncludeEachKey" methodname="EachDictionaryIncludeEachKey" classname="MattEland.Shared.Tests.EachTests" runstate="Runnable" seed="1242546070" result="Passed" start-time="2019-05-26 05:57:28Z" end-time="2019-05-26 05:57:28Z" duration="0.004966" asserts="0" />
            <test-case id="0-1022" name="EachDictionaryIncludesCorrectValues" fullname="MattEland.Shared.Tests.EachTests.EachDictionaryIncludesCorrectValues" methodname="EachDictionaryIncludesCorrectValues" classname="MattEland.Shared.Tests.EachTests" runstate="Runnable" seed="689392563" result="Passed" start-time="2019-05-26 05:57:28Z" end-time="2019-05-26 05:57:28Z" duration="0.002348" asserts="0" />
            <test-case id="0-1020" name="EachDictionaryShouldAllowEmptyDictionaries" fullname="MattEland.Shared.Tests.EachTests.EachDictionaryShouldAllowEmptyDictionaries" methodname="EachDictionaryShouldAllowEmptyDictionaries" classname="MattEland.Shared.Tests.EachTests" runstate="Runnable" seed="553446386" result="Passed" start-time="2019-05-26 05:57:28Z" end-time="2019-05-26 05:57:28Z" duration="0.001087" asserts="0" />
            <test-case id="0-1019" name="EachDictionaryShouldAllowNullDictionaries" fullname="MattEland.Shared.Tests.EachTests.EachDictionaryShouldAllowNullDictionaries" methodname="EachDictionaryShouldAllowNullDictionaries" classname="MattEland.Shared.Tests.EachTests" runstate="Runnable" seed="400909210" result="Passed" start-time="2019-05-26 05:57:28Z" end-time="2019-05-26 05:57:28Z" duration="0.001023" asserts="0" />
            <test-case id="0-1023" name="EachDictionaryThrowsOnNoOperation" fullname="MattEland.Shared.Tests.EachTests.EachDictionaryThrowsOnNoOperation" methodname="EachDictionaryThrowsOnNoOperation" classname="MattEland.Shared.Tests.EachTests" runstate="Runnable" seed="735833508" result="Passed" start-time="2019-05-26 05:57:28Z" end-time="2019-05-26 05:57:28Z" duration="0.001284" asserts="0" />
            <test-suite type="Theory" id="0-1018" name="EachIntShouldNotInvokeForBadValues" fullname="MattEland.Shared.Tests.EachTests.EachIntShouldNotInvokeForBadValues" classname="MattEland.Shared.Tests.EachTests" runstate="Runnable" testcasecount="4" result="Passed" start-time="2019-05-26 05:57:28Z" end-time="2019-05-26 05:57:28Z" duration="0.010737" total="4" passed="4" failed="0" warnings="0" inconclusive="0" skipped="0" asserts="0">
              <properties>
                <property name="_JOINTYPE" value="Combinatorial" />
              </properties>
              <test-case id="0-1014" name="EachIntShouldNotInvokeForBadValues(0)" fullname="MattEland.Shared.Tests.EachTests.EachIntShouldNotInvokeForBadValues(0)" methodname="EachIntShouldNotInvokeForBadValues" classname="MattEland.Shared.Tests.EachTests" runstate="Runnable" seed="1311416098" result="Passed" start-time="2019-05-26 05:57:28Z" end-time="2019-05-26 05:57:28Z" duration="0.001265" asserts="0" />
              <test-case id="0-1015" name="EachIntShouldNotInvokeForBadValues(-1)" fullname="MattEland.Shared.Tests.EachTests.EachIntShouldNotInvokeForBadValues(-1)" methodname="EachIntShouldNotInvokeForBadValues" classname="MattEland.Shared.Tests.EachTests" runstate="Runnable" seed="946403453" result="Passed" start-time="2019-05-26 05:57:28Z" end-time="2019-05-26 05:57:28Z" duration="0.000418" asserts="0" />
              <test-case id="0-1016" name="EachIntShouldNotInvokeForBadValues(-500)" fullname="MattEland.Shared.Tests.EachTests.EachIntShouldNotInvokeForBadValues(-500)" methodname="EachIntShouldNotInvokeForBadValues" classname="MattEland.Shared.Tests.EachTests" runstate="Runnable" seed="1545335361" result="Passed" start-time="2019-05-26 05:57:28Z" end-time="2019-05-26 05:57:28Z" duration="0.001266" asserts="0" />
              <test-case id="0-1017" name="EachIntShouldNotInvokeForBadValues(int.MinValue)" fullname="MattEland.Shared.Tests.EachTests.EachIntShouldNotInvokeForBadValues(int.MinValue)" methodname="EachIntShouldNotInvokeForBadValues" classname="MattEland.Shared.Tests.EachTests" runstate="Runnable" seed="802712670" result="Passed" start-time="2019-05-26 05:57:28Z" end-time="2019-05-26 05:57:28Z" duration="0.000610" asserts="0" />
            </test-suite>
            <test-case id="0-1013" name="EachIntShouldRepeatTheExpectedAmountOfTimes" fullname="MattEland.Shared.Tests.EachTests.EachIntShouldRepeatTheExpectedAmountOfTimes" methodname="EachIntShouldRepeatTheExpectedAmountOfTimes" classname="MattEland.Shared.Tests.EachTests" runstate="Runnable" seed="949916184" result="Passed" start-time="2019-05-26 05:57:28Z" end-time="2019-05-26 05:57:28Z" duration="0.004067" asserts="0" />
            <test-case id="0-1012" name="EachSafeShouldAllowModifyingASourceCollection" fullname="MattEland.Shared.Tests.EachTests.EachSafeShouldAllowModifyingASourceCollection" methodname="EachSafeShouldAllowModifyingASourceCollection" classname="MattEland.Shared.Tests.EachTests" runstate="Runnable" seed="479027545" result="Passed" start-time="2019-05-26 05:57:28Z" end-time="2019-05-26 05:57:28Z" duration="0.006646" asserts="0" />
            <test-case id="0-1009" name="EachShouldNotErrorOnEmptyCollections" fullname="MattEland.Shared.Tests.EachTests.EachShouldNotErrorOnEmptyCollections" methodname="EachShouldNotErrorOnEmptyCollections" classname="MattEland.Shared.Tests.EachTests" runstate="Runnable" seed="730516482" result="Passed" start-time="2019-05-26 05:57:28Z" end-time="2019-05-26 05:57:28Z" duration="0.000723" asserts="0" />
            <test-case id="0-1008" name="EachShouldNotErrorOnNullCollections" fullname="MattEland.Shared.Tests.EachTests.EachShouldNotErrorOnNullCollections" methodname="EachShouldNotErrorOnNullCollections" classname="MattEland.Shared.Tests.EachTests" runstate="Runnable" seed="2023582978" result="Passed" start-time="2019-05-26 05:57:28Z" end-time="2019-05-26 05:57:28Z" duration="0.001748" asserts="0" />
            <test-case id="0-1007" name="EachShouldOperateOnEachItemIntheCollection" fullname="MattEland.Shared.Tests.EachTests.EachShouldOperateOnEachItemIntheCollection" methodname="EachShouldOperateOnEachItemIntheCollection" classname="MattEland.Shared.Tests.EachTests" runstate="Runnable" seed="1762722244" result="Passed" start-time="2019-05-26 05:57:28Z" end-time="2019-05-26 05:57:28Z" duration="0.001355" asserts="0" />
            <test-case id="0-1006" name="EachShouldReturnTheSourceCollection" fullname="MattEland.Shared.Tests.EachTests.EachShouldReturnTheSourceCollection" methodname="EachShouldReturnTheSourceCollection" classname="MattEland.Shared.Tests.EachTests" runstate="Runnable" seed="2134422356" result="Passed" start-time="2019-05-26 05:57:28Z" end-time="2019-05-26 05:57:28Z" duration="0.008044" asserts="0" />
            <test-suite type="ParameterizedMethod" id="0-1011" name="EachShouldThrowExceptionIfNoOperation" fullname="MattEland.Shared.Tests.EachTests.EachShouldThrowExceptionIfNoOperation" classname="MattEland.Shared.Tests.EachTests" runstate="Runnable" testcasecount="1" result="Passed" start-time="2019-05-26 05:57:28Z" end-time="2019-05-26 05:57:28Z" duration="0.007327" total="1" passed="1" failed="0" warnings="0" inconclusive="0" skipped="0" asserts="0">
              <test-case id="0-1010" name="EachShouldThrowExceptionIfNoOperation()" fullname="MattEland.Shared.Tests.EachTests.EachShouldThrowExceptionIfNoOperation()" methodname="EachShouldThrowExceptionIfNoOperation" classname="MattEland.Shared.Tests.EachTests" runstate="Runnable" seed="789288797" result="Passed" start-time="2019-05-26 05:57:28Z" end-time="2019-05-26 05:57:28Z" duration="0.001250" asserts="0" />
            </test-suite>
          </test-suite>
          <test-suite type="TestFixture" id="0-1024" name="NumberTests" fullname="MattEland.Shared.Tests.NumberTests" classname="MattEland.Shared.Tests.NumberTests" runstate="Runnable" testcasecount="6" result="Passed" start-time="2019-05-26 05:57:28Z" end-time="2019-05-26 05:57:28Z" duration="0.012710" total="6" passed="6" failed="0" warnings="0" inconclusive="0" skipped="0" asserts="0">
            <test-suite type="Theory" id="0-1031" name="DecimalFloorShouldProduceACorrectInteger" fullname="MattEland.Shared.Tests.NumberTests.DecimalFloorShouldProduceACorrectInteger" classname="MattEland.Shared.Tests.NumberTests" runstate="Runnable" testcasecount="6" result="Passed" start-time="2019-05-26 05:57:28Z" end-time="2019-05-26 05:57:28Z" duration="0.011398" total="6" passed="6" failed="0" warnings="0" inconclusive="0" skipped="0" asserts="0">
              <properties>
                <property name="_JOINTYPE" value="Combinatorial" />
              </properties>
              <test-case id="0-1025" name="DecimalFloorShouldProduceACorrectInteger(7,7)" fullname="MattEland.Shared.Tests.NumberTests.DecimalFloorShouldProduceACorrectInteger(7,7)" methodname="DecimalFloorShouldProduceACorrectInteger" classname="MattEland.Shared.Tests.NumberTests" runstate="Runnable" seed="374628888" result="Passed" start-time="2019-05-26 05:57:28Z" end-time="2019-05-26 05:57:28Z" duration="0.002366" asserts="0" />
              <test-case id="0-1026" name="DecimalFloorShouldProduceACorrectInteger(4.2d,4)" fullname="MattEland.Shared.Tests.NumberTests.DecimalFloorShouldProduceACorrectInteger(4.2d,4)" methodname="DecimalFloorShouldProduceACorrectInteger" classname="MattEland.Shared.Tests.NumberTests" runstate="Runnable" seed="1736588680" result="Passed" start-time="2019-05-26 05:57:28Z" end-time="2019-05-26 05:57:28Z" duration="0.000864" asserts="0" />
              <test-case id="0-1027" name="DecimalFloorShouldProduceACorrectInteger(3.1459d,3)" fullname="MattEland.Shared.Tests.NumberTests.DecimalFloorShouldProduceACorrectInteger(3.1459d,3)" methodname="DecimalFloorShouldProduceACorrectInteger" classname="MattEland.Shared.Tests.NumberTests" runstate="Runnable" seed="1167308764" result="Passed" start-time="2019-05-26 05:57:28Z" end-time="2019-05-26 05:57:28Z" duration="0.000836" asserts="0" />
              <test-case id="0-1028" name="DecimalFloorShouldProduceACorrectInteger(0,0)" fullname="MattEland.Shared.Tests.NumberTests.DecimalFloorShouldProduceACorrectInteger(0,0)" methodname="DecimalFloorShouldProduceACorrectInteger" classname="MattEland.Shared.Tests.NumberTests" runstate="Runnable" seed="1682629291" result="Passed" start-time="2019-05-26 05:57:28Z" end-time="2019-05-26 05:57:28Z" duration="0.000520" asserts="0" />
              <test-case id="0-1029" name="DecimalFloorShouldProduceACorrectInteger(-1.5d,-1)" fullname="MattEland.Shared.Tests.NumberTests.DecimalFloorShouldProduceACorrectInteger(-1.5d,-1)" methodname="DecimalFloorShouldProduceACorrectInteger" classname="MattEland.Shared.Tests.NumberTests" runstate="Runnable" seed="599042349" result="Passed" start-time="2019-05-26 05:57:28Z" end-time="2019-05-26 05:57:28Z" duration="0.000965" asserts="0" />
              <test-case id="0-1030" name="DecimalFloorShouldProduceACorrectInteger(9.999999999d,9)" fullname="MattEland.Shared.Tests.NumberTests.DecimalFloorShouldProduceACorrectInteger(9.999999999d,9)" methodname="DecimalFloorShouldProduceACorrectInteger" classname="MattEland.Shared.Tests.NumberTests" runstate="Runnable" seed="1321998420" result="Passed" start-time="2019-05-26 05:57:28Z" end-time="2019-05-26 05:57:28Z" duration="0.001898" asserts="0" />
            </test-suite>
          </test-suite>
          <test-suite type="TestFixture" id="0-1032" name="SetTests" fullname="MattEland.Shared.Tests.SetTests" classname="MattEland.Shared.Tests.SetTests" runstate="Runnable" testcasecount="3" result="Passed" start-time="2019-05-26 05:57:28Z" end-time="2019-05-26 05:57:28Z" duration="0.012945" total="3" passed="3" failed="0" warnings="0" inconclusive="0" skipped="0" asserts="0">
            <test-case id="0-1033" name="CollectionElementsShouldExistInConvertedHashSet" fullname="MattEland.Shared.Tests.SetTests.CollectionElementsShouldExistInConvertedHashSet" methodname="CollectionElementsShouldExistInConvertedHashSet" classname="MattEland.Shared.Tests.SetTests" runstate="Runnable" seed="1776982429" result="Passed" start-time="2019-05-26 05:57:28Z" end-time="2019-05-26 05:57:28Z" duration="0.004859" asserts="0" />
            <test-case id="0-1035" name="CollectionToHashSetShouldCreateWhenSourceIsEmpty" fullname="MattEland.Shared.Tests.SetTests.CollectionToHashSetShouldCreateWhenSourceIsEmpty" methodname="CollectionToHashSetShouldCreateWhenSourceIsEmpty" classname="MattEland.Shared.Tests.SetTests" runstate="Runnable" seed="484621966" result="Passed" start-time="2019-05-26 05:57:28Z" end-time="2019-05-26 05:57:28Z" duration="0.002602" asserts="0" />
            <test-case id="0-1034" name="CollectionToHashSetShouldCreateWhenSourceIsNull" fullname="MattEland.Shared.Tests.SetTests.CollectionToHashSetShouldCreateWhenSourceIsNull" methodname="CollectionToHashSetShouldCreateWhenSourceIsNull" classname="MattEland.Shared.Tests.SetTests" runstate="Runnable" seed="1296632468" result="Passed" start-time="2019-05-26 05:57:28Z" end-time="2019-05-26 05:57:28Z" duration="0.001380" asserts="0" />
          </test-suite>
          <test-suite type="TestFixture" id="0-1036" name="StringIndentTests" fullname="MattEland.Shared.Tests.StringIndentTests" classname="MattEland.Shared.Tests.StringIndentTests" runstate="Runnable" testcasecount="3" result="Passed" start-time="2019-05-26 05:57:28Z" end-time="2019-05-26 05:57:28Z" duration="0.028952" total="3" passed="3" failed="0" warnings="0" inconclusive="0" skipped="0" asserts="0">
            <test-case id="0-1039" name="StringBuilderRespectsSourceString" fullname="MattEland.Shared.Tests.StringIndentTests.StringBuilderRespectsSourceString" methodname="StringBuilderRespectsSourceString" classname="MattEland.Shared.Tests.StringIndentTests" runstate="Runnable" seed="1194827062" result="Passed" start-time="2019-05-26 05:57:28Z" end-time="2019-05-26 05:57:28Z" duration="0.021035" asserts="0" />
            <test-case id="0-1037" name="StringIndentShouldIndentStrings" fullname="MattEland.Shared.Tests.StringIndentTests.StringIndentShouldIndentStrings" methodname="StringIndentShouldIndentStrings" classname="MattEland.Shared.Tests.StringIndentTests" runstate="Runnable" seed="786343975" result="Passed" start-time="2019-05-26 05:57:28Z" end-time="2019-05-26 05:57:28Z" duration="0.002559" asserts="0" />
            <test-case id="0-1038" name="StringIndentWithScopeShouldOutdent" fullname="MattEland.Shared.Tests.StringIndentTests.StringIndentWithScopeShouldOutdent" methodname="StringIndentWithScopeShouldOutdent" classname="MattEland.Shared.Tests.StringIndentTests" runstate="Runnable" seed="1996745731" result="Passed" start-time="2019-05-26 05:57:28Z" end-time="2019-05-26 05:57:28Z" duration="0.001581" asserts="0" />
          </test-suite>
        </test-suite>
      </test-suite>
    </test-suite>
  </test-suite>
</test-run>